<?xml version="1.0" encoding="UTF-8"?>
<testsuite name="CardGameTest" tests="1" skipped="0" failures="0" errors="0" timestamp="2022-04-01T11:56:58" hostname="Earlys-MacBook-Pro.local" time="1.31">
  <properties/>
  <testcase name="start" classname="CardGameTest" time="1.31"/>
  <system-out><![CDATA[?[1;31m
Start test 1?[0m
Indigo Card Game
Play first?
> yes
Initial cards on the table: A♦ A♥ A♠ A♣
4 cards on the table, and the top card is A♣
Cards in hand: 1)2♦ 2)2♥ 3)2♠ 4)2♣ 5)3♦ 6)3♥ 
Choose a card to play (1-6):
> 4
Player wins cards
Score: Player 4 - Computer 0
Cards: Player 5 - Computer 0
No cards on the table
3♠ 3♣ 4♦ 4♥ 4♠ 4♣
Computer plays 3♠
1 cards on the table, and the top card is 3♠
Cards in hand: 1)2♦ 2)2♥ 3)2♠ 4)3♦ 5)3♥ 
Choose a card to play (1-5):
> 4
Player wins cards
Score: Player 4 - Computer 0
Cards: Player 7 - Computer 0
No cards on the table
3♣ 4♦ 4♥ 4♠ 4♣
Computer plays 3♣
1 cards on the table, and the top card is 3♣
Cards in hand: 1)2♦ 2)2♥ 3)2♠ 4)3♥ 
Choose a card to play (1-4):
> 4
Player wins cards
Score: Player 4 - Computer 0
Cards: Player 9 - Computer 0
No cards on the table
4♦ 4♥ 4♠ 4♣
Computer plays 4♦
1 cards on the table, and the top card is 4♦
Cards in hand: 1)2♦ 2)2♥ 3)2♠ 
Choose a card to play (1-3):
> 1
Player wins cards
Score: Player 4 - Computer 0
Cards: Player 11 - Computer 0
No cards on the table
4♥ 4♠ 4♣
Computer plays 4♥
1 cards on the table, and the top card is 4♥
Cards in hand: 1)2♥ 2)2♠ 
Choose a card to play (1-2):
> 1
Player wins cards
Score: Player 4 - Computer 0
Cards: Player 13 - Computer 0
No cards on the table
4♠ 4♣
Computer plays 4♠
1 cards on the table, and the top card is 4♠
Cards in hand: 1)2♠ 
Choose a card to play (1-1):
> 1
Player wins cards
Score: Player 4 - Computer 0
Cards: Player 15 - Computer 0
No cards on the table
4♣
Computer plays 4♣
1 cards on the table, and the top card is 4♣
Cards in hand: 1)5♦ 2)5♥ 3)5♠ 4)5♣ 5)6♦ 6)6♥ 
Choose a card to play (1-6):
> 4
Player wins cards
Score: Player 4 - Computer 0
Cards: Player 17 - Computer 0
No cards on the table
6♠ 6♣ 7♦ 7♥ 7♠ 7♣
Computer plays 6♣
1 cards on the table, and the top card is 6♣
Cards in hand: 1)5♦ 2)5♥ 3)5♠ 4)6♦ 5)6♥ 
Choose a card to play (1-5):
> 4
Player wins cards
Score: Player 4 - Computer 0
Cards: Player 19 - Computer 0
No cards on the table
6♠ 7♦ 7♥ 7♠ 7♣
Computer plays 6♠
1 cards on the table, and the top card is 6♠
Cards in hand: 1)5♦ 2)5♥ 3)5♠ 4)6♥ 
Choose a card to play (1-4):
> 3
Player wins cards
Score: Player 4 - Computer 0
Cards: Player 21 - Computer 0
No cards on the table
7♦ 7♥ 7♠ 7♣
Computer plays 7♦
1 cards on the table, and the top card is 7♦
Cards in hand: 1)5♦ 2)5♥ 3)6♥ 
Choose a card to play (1-3):
> 1
Player wins cards
Score: Player 4 - Computer 0
Cards: Player 23 - Computer 0
No cards on the table
7♥ 7♠ 7♣
Computer plays 7♥
1 cards on the table, and the top card is 7♥
Cards in hand: 1)5♥ 2)6♥ 
Choose a card to play (1-2):
> 1
Player wins cards
Score: Player 4 - Computer 0
Cards: Player 25 - Computer 0
No cards on the table
7♠ 7♣
Computer plays 7♠
1 cards on the table, and the top card is 7♠
Cards in hand: 1)6♥ 
Choose a card to play (1-1):
> 1
2 cards on the table, and the top card is 6♥
7♣
Computer plays 7♣
3 cards on the table, and the top card is 7♣
Cards in hand: 1)8♦ 2)8♥ 3)8♠ 4)8♣ 5)9♦ 6)9♥ 
Choose a card to play (1-6):
> 4
Player wins cards
Score: Player 4 - Computer 0
Cards: Player 29 - Computer 0
No cards on the table
9♠ 9♣ 10♦ 10♥ 10♠ 10♣
Computer plays 9♣
1 cards on the table, and the top card is 9♣
Cards in hand: 1)8♦ 2)8♥ 3)8♠ 4)9♦ 5)9♥ 
Choose a card to play (1-5):
> 4
Player wins cards
Score: Player 4 - Computer 0
Cards: Player 31 - Computer 0
No cards on the table
9♠ 10♦ 10♥ 10♠ 10♣
Computer plays 9♠
1 cards on the table, and the top card is 9♠
Cards in hand: 1)8♦ 2)8♥ 3)8♠ 4)9♥ 
Choose a card to play (1-4):
> 3
Player wins cards
Score: Player 4 - Computer 0
Cards: Player 33 - Computer 0
No cards on the table
10♦ 10♥ 10♠ 10♣
Computer plays 10♦
1 cards on the table, and the top card is 10♦
Cards in hand: 1)8♦ 2)8♥ 3)9♥ 
Choose a card to play (1-3):
> 1
Player wins cards
Score: Player 5 - Computer 0
Cards: Player 35 - Computer 0
No cards on the table
10♥ 10♠ 10♣
Computer plays 10♥
1 cards on the table, and the top card is 10♥
Cards in hand: 1)8♥ 2)9♥ 
Choose a card to play (1-2):
> 1
Player wins cards
Score: Player 6 - Computer 0
Cards: Player 37 - Computer 0
No cards on the table
10♠ 10♣
Computer plays 10♠
1 cards on the table, and the top card is 10♠
Cards in hand: 1)9♥ 
Choose a card to play (1-1):
> 1
2 cards on the table, and the top card is 9♥
10♣
Computer plays 10♣
3 cards on the table, and the top card is 10♣
Cards in hand: 1)J♦ 2)J♥ 3)J♠ 4)J♣ 5)Q♦ 6)Q♥ 
Choose a card to play (1-6):
> 4
Player wins cards
Score: Player 9 - Computer 0
Cards: Player 41 - Computer 0
No cards on the table
Q♠ Q♣ K♦ K♥ K♠ K♣
Computer plays Q♣
1 cards on the table, and the top card is Q♣
Cards in hand: 1)J♦ 2)J♥ 3)J♠ 4)Q♦ 5)Q♥ 
Choose a card to play (1-5):
> 4
Player wins cards
Score: Player 11 - Computer 0
Cards: Player 43 - Computer 0
No cards on the table
Q♠ K♦ K♥ K♠ K♣
Computer plays Q♠
1 cards on the table, and the top card is Q♠
Cards in hand: 1)J♦ 2)J♥ 3)J♠ 4)Q♥ 
Choose a card to play (1-4):
> 3
Player wins cards
Score: Player 13 - Computer 0
Cards: Player 45 - Computer 0
No cards on the table
K♦ K♥ K♠ K♣
Computer plays K♦
1 cards on the table, and the top card is K♦
Cards in hand: 1)J♦ 2)J♥ 3)Q♥ 
Choose a card to play (1-3):
> 1
Player wins cards
Score: Player 15 - Computer 0
Cards: Player 47 - Computer 0
No cards on the table
K♥ K♠ K♣
Computer plays K♥
1 cards on the table, and the top card is K♥
Cards in hand: 1)J♥ 2)Q♥ 
Choose a card to play (1-2):
> 1
Player wins cards
Score: Player 17 - Computer 0
Cards: Player 49 - Computer 0
No cards on the table
K♠ K♣
Computer plays K♠
1 cards on the table, and the top card is K♠
Cards in hand: 1)Q♥ 
Choose a card to play (1-1):
> 1
2 cards on the table, and the top card is Q♥
K♣
Computer plays K♣
3 cards on the table, and the top card is K♣
Score: Player 23 - Computer 0
Cards: Player 52 - Computer 0
Game Over
Indigo Card Game
Play first?
> yes
Initial cards on the table: A♦ A♥ A♠ A♣
4 cards on the table, and the top card is A♣
Cards in hand: 1)2♦ 2)2♥ 3)2♠ 4)2♣ 5)3♦ 6)3♥ 
Choose a card to play (1-6):
> 4
Player wins cards
Score: Player 4 - Computer 0
Cards: Player 5 - Computer 0
No cards on the table
3♠ 3♣ 4♦ 4♥ 4♠ 4♣
Computer plays 3♣
1 cards on the table, and the top card is 3♣
Cards in hand: 1)2♦ 2)2♥ 3)2♠ 4)3♦ 5)3♥ 
Choose a card to play (1-5):
> 4
Player wins cards
Score: Player 4 - Computer 0
Cards: Player 7 - Computer 0
No cards on the table
3♠ 4♦ 4♥ 4♠ 4♣
Computer plays 3♠
1 cards on the table, and the top card is 3♠
Cards in hand: 1)2♦ 2)2♥ 3)2♠ 4)3♥ 
Choose a card to play (1-4):
> 3
Player wins cards
Score: Player 4 - Computer 0
Cards: Player 9 - Computer 0
No cards on the table
4♦ 4♥ 4♠ 4♣
Computer plays 4♦
1 cards on the table, and the top card is 4♦
Cards in hand: 1)2♦ 2)2♥ 3)3♥ 
Choose a card to play (1-3):
> 1
Player wins cards
Score: Player 4 - Computer 0
Cards: Player 11 - Computer 0
No cards on the table
4♥ 4♠ 4♣
Computer plays 4♥
1 cards on the table, and the top card is 4♥
Cards in hand: 1)2♥ 2)3♥ 
Choose a card to play (1-2):
> 1
Player wins cards
Score: Player 4 - Computer 0
Cards: Player 13 - Computer 0
No cards on the table
4♠ 4♣
Computer plays 4♠
1 cards on the table, and the top card is 4♠
Cards in hand: 1)3♥ 
Choose a card to play (1-1):
> 1
2 cards on the table, and the top card is 3♥
4♣
Computer plays 4♣
3 cards on the table, and the top card is 4♣
Cards in hand: 1)5♦ 2)5♥ 3)5♠ 4)5♣ 5)6♦ 6)6♥ 
Choose a card to play (1-6):
> 4
Player wins cards
Score: Player 4 - Computer 0
Cards: Player 17 - Computer 0
No cards on the table
6♠ 6♣ 7♦ 7♥ 7♠ 7♣
Computer plays 6♠
1 cards on the table, and the top card is 6♠
Cards in hand: 1)5♦ 2)5♥ 3)5♠ 4)6♦ 5)6♥ 
Choose a card to play (1-5):
> 4
Player wins cards
Score: Player 4 - Computer 0
Cards: Player 19 - Computer 0
No cards on the table
6♣ 7♦ 7♥ 7♠ 7♣
Computer plays 6♣
1 cards on the table, and the top card is 6♣
Cards in hand: 1)5♦ 2)5♥ 3)5♠ 4)6♥ 
Choose a card to play (1-4):
> 4
Player wins cards
Score: Player 4 - Computer 0
Cards: Player 21 - Computer 0
No cards on the table
7♦ 7♥ 7♠ 7♣
Computer plays 7♦
1 cards on the table, and the top card is 7♦
Cards in hand: 1)5♦ 2)5♥ 3)5♠ 
Choose a card to play (1-3):
> 1
Player wins cards
Score: Player 4 - Computer 0
Cards: Player 23 - Computer 0
No cards on the table
7♥ 7♠ 7♣
Computer plays 7♥
1 cards on the table, and the top card is 7♥
Cards in hand: 1)5♥ 2)5♠ 
Choose a card to play (1-2):
> 1
Player wins cards
Score: Player 4 - Computer 0
Cards: Player 25 - Computer 0
No cards on the table
7♠ 7♣
Computer plays 7♠
1 cards on the table, and the top card is 7♠
Cards in hand: 1)5♠ 
Choose a card to play (1-1):
> 1
Player wins cards
Score: Player 4 - Computer 0
Cards: Player 27 - Computer 0
No cards on the table
7♣
Computer plays 7♣
1 cards on the table, and the top card is 7♣
Cards in hand: 1)8♦ 2)8♥ 3)8♠ 4)8♣ 5)9♦ 6)9♥ 
Choose a card to play (1-6):
> 4
Player wins cards
Score: Player 4 - Computer 0
Cards: Player 29 - Computer 0
No cards on the table
9♠ 9♣ 10♦ 10♥ 10♠ 10♣
Computer plays 9♠
1 cards on the table, and the top card is 9♠
Cards in hand: 1)8♦ 2)8♥ 3)8♠ 4)9♦ 5)9♥ 
Choose a card to play (1-5):
> 4
Player wins cards
Score: Player 4 - Computer 0
Cards: Player 31 - Computer 0
No cards on the table
9♣ 10♦ 10♥ 10♠ 10♣
Computer plays 9♣
1 cards on the table, and the top card is 9♣
Cards in hand: 1)8♦ 2)8♥ 3)8♠ 4)9♥ 
Choose a card to play (1-4):
> 4
Player wins cards
Score: Player 4 - Computer 0
Cards: Player 33 - Computer 0
No cards on the table
10♦ 10♥ 10♠ 10♣
Computer plays 10♦
1 cards on the table, and the top card is 10♦
Cards in hand: 1)8♦ 2)8♥ 3)8♠ 
Choose a card to play (1-3):
> 1
Player wins cards
Score: Player 5 - Computer 0
Cards: Player 35 - Computer 0
No cards on the table
10♥ 10♠ 10♣
Computer plays 10♥
1 cards on the table, and the top card is 10♥
Cards in hand: 1)8♥ 2)8♠ 
Choose a card to play (1-2):
> 1
Player wins cards
Score: Player 6 - Computer 0
Cards: Player 37 - Computer 0
No cards on the table
10♠ 10♣
Computer plays 10♠
1 cards on the table, and the top card is 10♠
Cards in hand: 1)8♠ 
Choose a card to play (1-1):
> 1
Player wins cards
Score: Player 7 - Computer 0
Cards: Player 39 - Computer 0
No cards on the table
10♣
Computer plays 10♣
1 cards on the table, and the top card is 10♣
Cards in hand: 1)J♦ 2)J♥ 3)J♠ 4)J♣ 5)Q♦ 6)Q♥ 
Choose a card to play (1-6):
> 4
Player wins cards
Score: Player 9 - Computer 0
Cards: Player 41 - Computer 0
No cards on the table
Q♠ Q♣ K♦ K♥ K♠ K♣
Computer plays Q♣
1 cards on the table, and the top card is Q♣
Cards in hand: 1)J♦ 2)J♥ 3)J♠ 4)Q♦ 5)Q♥ 
Choose a card to play (1-5):
> 4
Player wins cards
Score: Player 11 - Computer 0
Cards: Player 43 - Computer 0
No cards on the table
Q♠ K♦ K♥ K♠ K♣
Computer plays Q♠
1 cards on the table, and the top card is Q♠
Cards in hand: 1)J♦ 2)J♥ 3)J♠ 4)Q♥ 
Choose a card to play (1-4):
> 3
Player wins cards
Score: Player 13 - Computer 0
Cards: Player 45 - Computer 0
No cards on the table
K♦ K♥ K♠ K♣
Computer plays K♦
1 cards on the table, and the top card is K♦
Cards in hand: 1)J♦ 2)J♥ 3)Q♥ 
Choose a card to play (1-3):
> 1
Player wins cards
Score: Player 15 - Computer 0
Cards: Player 47 - Computer 0
No cards on the table
K♥ K♠ K♣
Computer plays K♥
1 cards on the table, and the top card is K♥
Cards in hand: 1)J♥ 2)Q♥ 
Choose a card to play (1-2):
> 1
Player wins cards
Score: Player 17 - Computer 0
Cards: Player 49 - Computer 0
No cards on the table
K♠ K♣
Computer plays K♠
1 cards on the table, and the top card is K♠
Cards in hand: 1)Q♥ 
Choose a card to play (1-1):
> 1
2 cards on the table, and the top card is Q♥
K♣
Computer plays K♣
3 cards on the table, and the top card is K♣
Score: Player 23 - Computer 0
Cards: Player 52 - Computer 0
Game Over
Indigo Card Game
Play first?
> yes
Initial cards on the table: A♦ A♥ A♠ A♣
4 cards on the table, and the top card is A♣
Cards in hand: 1)2♦ 2)2♥ 3)2♠ 4)2♣ 5)3♦ 6)3♥ 
Choose a card to play (1-6):
> 4
Player wins cards
Score: Player 4 - Computer 0
Cards: Player 5 - Computer 0
No cards on the table
3♠ 3♣ 4♦ 4♥ 4♠ 4♣
Computer plays 3♣
1 cards on the table, and the top card is 3♣
Cards in hand: 1)2♦ 2)2♥ 3)2♠ 4)3♦ 5)3♥ 
Choose a card to play (1-5):
> 4
Player wins cards
Score: Player 4 - Computer 0
Cards: Player 7 - Computer 0
No cards on the table
3♠ 4♦ 4♥ 4♠ 4♣
Computer plays 3♠
1 cards on the table, and the top card is 3♠
Cards in hand: 1)2♦ 2)2♥ 3)2♠ 4)3♥ 
Choose a card to play (1-4):
> 3
Player wins cards
Score: Player 4 - Computer 0
Cards: Player 9 - Computer 0
No cards on the table
4♦ 4♥ 4♠ 4♣
Computer plays 4♦
1 cards on the table, and the top card is 4♦
Cards in hand: 1)2♦ 2)2♥ 3)3♥ 
Choose a card to play (1-3):
> 1
Player wins cards
Score: Player 4 - Computer 0
Cards: Player 11 - Computer 0
No cards on the table
4♥ 4♠ 4♣
Computer plays 4♥
1 cards on the table, and the top card is 4♥
Cards in hand: 1)2♥ 2)3♥ 
Choose a card to play (1-2):
> 1
Player wins cards
Score: Player 4 - Computer 0
Cards: Player 13 - Computer 0
No cards on the table
4♠ 4♣
Computer plays 4♠
1 cards on the table, and the top card is 4♠
Cards in hand: 1)3♥ 
Choose a card to play (1-1):
> 1
2 cards on the table, and the top card is 3♥
4♣
Computer plays 4♣
3 cards on the table, and the top card is 4♣
Cards in hand: 1)5♦ 2)5♥ 3)5♠ 4)5♣ 5)6♦ 6)6♥ 
Choose a card to play (1-6):
> 4
Player wins cards
Score: Player 4 - Computer 0
Cards: Player 17 - Computer 0
No cards on the table
6♠ 6♣ 7♦ 7♥ 7♠ 7♣
Computer plays 6♠
1 cards on the table, and the top card is 6♠
Cards in hand: 1)5♦ 2)5♥ 3)5♠ 4)6♦ 5)6♥ 
Choose a card to play (1-5):
> 4
Player wins cards
Score: Player 4 - Computer 0
Cards: Player 19 - Computer 0
No cards on the table
6♣ 7♦ 7♥ 7♠ 7♣
Computer plays 6♣
1 cards on the table, and the top card is 6♣
Cards in hand: 1)5♦ 2)5♥ 3)5♠ 4)6♥ 
Choose a card to play (1-4):
> 4
Player wins cards
Score: Player 4 - Computer 0
Cards: Player 21 - Computer 0
No cards on the table
7♦ 7♥ 7♠ 7♣
Computer plays 7♦
1 cards on the table, and the top card is 7♦
Cards in hand: 1)5♦ 2)5♥ 3)5♠ 
Choose a card to play (1-3):
> 1
Player wins cards
Score: Player 4 - Computer 0
Cards: Player 23 - Computer 0
No cards on the table
7♥ 7♠ 7♣
Computer plays 7♥
1 cards on the table, and the top card is 7♥
Cards in hand: 1)5♥ 2)5♠ 
Choose a card to play (1-2):
> 1
Player wins cards
Score: Player 4 - Computer 0
Cards: Player 25 - Computer 0
No cards on the table
7♠ 7♣
Computer plays 7♠
1 cards on the table, and the top card is 7♠
Cards in hand: 1)5♠ 
Choose a card to play (1-1):
> 1
Player wins cards
Score: Player 4 - Computer 0
Cards: Player 27 - Computer 0
No cards on the table
7♣
Computer plays 7♣
1 cards on the table, and the top card is 7♣
Cards in hand: 1)8♦ 2)8♥ 3)8♠ 4)8♣ 5)9♦ 6)9♥ 
Choose a card to play (1-6):
> 4
Player wins cards
Score: Player 4 - Computer 0
Cards: Player 29 - Computer 0
No cards on the table
9♠ 9♣ 10♦ 10♥ 10♠ 10♣
Computer plays 9♠
1 cards on the table, and the top card is 9♠
Cards in hand: 1)8♦ 2)8♥ 3)8♠ 4)9♦ 5)9♥ 
Choose a card to play (1-5):
> 4
Player wins cards
Score: Player 4 - Computer 0
Cards: Player 31 - Computer 0
No cards on the table
9♣ 10♦ 10♥ 10♠ 10♣
Computer plays 9♣
1 cards on the table, and the top card is 9♣
Cards in hand: 1)8♦ 2)8♥ 3)8♠ 4)9♥ 
Choose a card to play (1-4):
> 4
Player wins cards
Score: Player 4 - Computer 0
Cards: Player 33 - Computer 0
No cards on the table
10♦ 10♥ 10♠ 10♣
Computer plays 10♦
1 cards on the table, and the top card is 10♦
Cards in hand: 1)8♦ 2)8♥ 3)8♠ 
Choose a card to play (1-3):
> 1
Player wins cards
Score: Player 5 - Computer 0
Cards: Player 35 - Computer 0
No cards on the table
10♥ 10♠ 10♣
Computer plays 10♥
1 cards on the table, and the top card is 10♥
Cards in hand: 1)8♥ 2)8♠ 
Choose a card to play (1-2):
> 1
Player wins cards
Score: Player 6 - Computer 0
Cards: Player 37 - Computer 0
No cards on the table
10♠ 10♣
Computer plays 10♠
1 cards on the table, and the top card is 10♠
Cards in hand: 1)8♠ 
Choose a card to play (1-1):
> 1
Player wins cards
Score: Player 7 - Computer 0
Cards: Player 39 - Computer 0
No cards on the table
10♣
Computer plays 10♣
1 cards on the table, and the top card is 10♣
Cards in hand: 1)J♦ 2)J♥ 3)J♠ 4)J♣ 5)Q♦ 6)Q♥ 
Choose a card to play (1-6):
> 4
Player wins cards
Score: Player 9 - Computer 0
Cards: Player 41 - Computer 0
No cards on the table
Q♠ Q♣ K♦ K♥ K♠ K♣
Computer plays Q♠
1 cards on the table, and the top card is Q♠
Cards in hand: 1)J♦ 2)J♥ 3)J♠ 4)Q♦ 5)Q♥ 
Choose a card to play (1-5):
> 4
Player wins cards
Score: Player 11 - Computer 0
Cards: Player 43 - Computer 0
No cards on the table
Q♣ K♦ K♥ K♠ K♣
Computer plays Q♣
1 cards on the table, and the top card is Q♣
Cards in hand: 1)J♦ 2)J♥ 3)J♠ 4)Q♥ 
Choose a card to play (1-4):
> 4
Player wins cards
Score: Player 13 - Computer 0
Cards: Player 45 - Computer 0
No cards on the table
K♦ K♥ K♠ K♣
Computer plays K♦
1 cards on the table, and the top card is K♦
Cards in hand: 1)J♦ 2)J♥ 3)J♠ 
Choose a card to play (1-3):
> 1
Player wins cards
Score: Player 15 - Computer 0
Cards: Player 47 - Computer 0
No cards on the table
K♥ K♠ K♣
Computer plays K♥
1 cards on the table, and the top card is K♥
Cards in hand: 1)J♥ 2)J♠ 
Choose a card to play (1-2):
> 1
Player wins cards
Score: Player 17 - Computer 0
Cards: Player 49 - Computer 0
No cards on the table
K♠ K♣
Computer plays K♠
1 cards on the table, and the top card is K♠
Cards in hand: 1)J♠ 
Choose a card to play (1-1):
> 1
Player wins cards
Score: Player 19 - Computer 0
Cards: Player 51 - Computer 0
No cards on the table
K♣
Computer plays K♣
1 cards on the table, and the top card is K♣
Score: Player 23 - Computer 0
Cards: Player 52 - Computer 0
Game Over
Indigo Card Game
Play first?
> yes
Initial cards on the table: A♦ A♥ A♠ A♣
4 cards on the table, and the top card is A♣
Cards in hand: 1)2♦ 2)2♥ 3)2♠ 4)2♣ 5)3♦ 6)3♥ 
Choose a card to play (1-6):
> 4
Player wins cards
Score: Player 4 - Computer 0
Cards: Player 5 - Computer 0
No cards on the table
3♠ 3♣ 4♦ 4♥ 4♠ 4♣
Computer plays 3♠
1 cards on the table, and the top card is 3♠
Cards in hand: 1)2♦ 2)2♥ 3)2♠ 4)3♦ 5)3♥ 
Choose a card to play (1-5):
> 4
Player wins cards
Score: Player 4 - Computer 0
Cards: Player 7 - Computer 0
No cards on the table
3♣ 4♦ 4♥ 4♠ 4♣
Computer plays 3♣
1 cards on the table, and the top card is 3♣
Cards in hand: 1)2♦ 2)2♥ 3)2♠ 4)3♥ 
Choose a card to play (1-4):
> 4
Player wins cards
Score: Player 4 - Computer 0
Cards: Player 9 - Computer 0
No cards on the table
4♦ 4♥ 4♠ 4♣
Computer plays 4♦
1 cards on the table, and the top card is 4♦
Cards in hand: 1)2♦ 2)2♥ 3)2♠ 
Choose a card to play (1-3):
> 1
Player wins cards
Score: Player 4 - Computer 0
Cards: Player 11 - Computer 0
No cards on the table
4♥ 4♠ 4♣
Computer plays 4♥
1 cards on the table, and the top card is 4♥
Cards in hand: 1)2♥ 2)2♠ 
Choose a card to play (1-2):
> 1
Player wins cards
Score: Player 4 - Computer 0
Cards: Player 13 - Computer 0
No cards on the table
4♠ 4♣
Computer plays 4♠
1 cards on the table, and the top card is 4♠
Cards in hand: 1)2♠ 
Choose a card to play (1-1):
> 1
Player wins cards
Score: Player 4 - Computer 0
Cards: Player 15 - Computer 0
No cards on the table
4♣
Computer plays 4♣
1 cards on the table, and the top card is 4♣
Cards in hand: 1)5♦ 2)5♥ 3)5♠ 4)5♣ 5)6♦ 6)6♥ 
Choose a card to play (1-6):
> 4
Player wins cards
Score: Player 4 - Computer 0
Cards: Player 17 - Computer 0
No cards on the table
6♠ 6♣ 7♦ 7♥ 7♠ 7♣
Computer plays 6♣
1 cards on the table, and the top card is 6♣
Cards in hand: 1)5♦ 2)5♥ 3)5♠ 4)6♦ 5)6♥ 
Choose a card to play (1-5):
> 4
Player wins cards
Score: Player 4 - Computer 0
Cards: Player 19 - Computer 0
No cards on the table
6♠ 7♦ 7♥ 7♠ 7♣
Computer plays 6♠
1 cards on the table, and the top card is 6♠
Cards in hand: 1)5♦ 2)5♥ 3)5♠ 4)6♥ 
Choose a card to play (1-4):
> 3
Player wins cards
Score: Player 4 - Computer 0
Cards: Player 21 - Computer 0
No cards on the table
7♦ 7♥ 7♠ 7♣
Computer plays 7♦
1 cards on the table, and the top card is 7♦
Cards in hand: 1)5♦ 2)5♥ 3)6♥ 
Choose a card to play (1-3):
> 1
Player wins cards
Score: Player 4 - Computer 0
Cards: Player 23 - Computer 0
No cards on the table
7♥ 7♠ 7♣
Computer plays 7♥
1 cards on the table, and the top card is 7♥
Cards in hand: 1)5♥ 2)6♥ 
Choose a card to play (1-2):
> 1
Player wins cards
Score: Player 4 - Computer 0
Cards: Player 25 - Computer 0
No cards on the table
7♠ 7♣
Computer plays 7♠
1 cards on the table, and the top card is 7♠
Cards in hand: 1)6♥ 
Choose a card to play (1-1):
> 1
2 cards on the table, and the top card is 6♥
7♣
Computer plays 7♣
3 cards on the table, and the top card is 7♣
Cards in hand: 1)8♦ 2)8♥ 3)8♠ 4)8♣ 5)9♦ 6)9♥ 
Choose a card to play (1-6):
> 4
Player wins cards
Score: Player 4 - Computer 0
Cards: Player 29 - Computer 0
No cards on the table
9♠ 9♣ 10♦ 10♥ 10♠ 10♣
Computer plays 9♠
1 cards on the table, and the top card is 9♠
Cards in hand: 1)8♦ 2)8♥ 3)8♠ 4)9♦ 5)9♥ 
Choose a card to play (1-5):
> 4
Player wins cards
Score: Player 4 - Computer 0
Cards: Player 31 - Computer 0
No cards on the table
9♣ 10♦ 10♥ 10♠ 10♣
Computer plays 9♣
1 cards on the table, and the top card is 9♣
Cards in hand: 1)8♦ 2)8♥ 3)8♠ 4)9♥ 
Choose a card to play (1-4):
> 4
Player wins cards
Score: Player 4 - Computer 0
Cards: Player 33 - Computer 0
No cards on the table
10♦ 10♥ 10♠ 10♣
Computer plays 10♦
1 cards on the table, and the top card is 10♦
Cards in hand: 1)8♦ 2)8♥ 3)8♠ 
Choose a card to play (1-3):
> 1
Player wins cards
Score: Player 5 - Computer 0
Cards: Player 35 - Computer 0
No cards on the table
10♥ 10♠ 10♣
Computer plays 10♥
1 cards on the table, and the top card is 10♥
Cards in hand: 1)8♥ 2)8♠ 
Choose a card to play (1-2):
> 1
Player wins cards
Score: Player 6 - Computer 0
Cards: Player 37 - Computer 0
No cards on the table
10♠ 10♣
Computer plays 10♠
1 cards on the table, and the top card is 10♠
Cards in hand: 1)8♠ 
Choose a card to play (1-1):
> 1
Player wins cards
Score: Player 7 - Computer 0
Cards: Player 39 - Computer 0
No cards on the table
10♣
Computer plays 10♣
1 cards on the table, and the top card is 10♣
Cards in hand: 1)J♦ 2)J♥ 3)J♠ 4)J♣ 5)Q♦ 6)Q♥ 
Choose a card to play (1-6):
> 4
Player wins cards
Score: Player 9 - Computer 0
Cards: Player 41 - Computer 0
No cards on the table
Q♠ Q♣ K♦ K♥ K♠ K♣
Computer plays Q♠
1 cards on the table, and the top card is Q♠
Cards in hand: 1)J♦ 2)J♥ 3)J♠ 4)Q♦ 5)Q♥ 
Choose a card to play (1-5):
> 4
Player wins cards
Score: Player 11 - Computer 0
Cards: Player 43 - Computer 0
No cards on the table
Q♣ K♦ K♥ K♠ K♣
Computer plays Q♣
1 cards on the table, and the top card is Q♣
Cards in hand: 1)J♦ 2)J♥ 3)J♠ 4)Q♥ 
Choose a card to play (1-4):
> 4
Player wins cards
Score: Player 13 - Computer 0
Cards: Player 45 - Computer 0
No cards on the table
K♦ K♥ K♠ K♣
Computer plays K♦
1 cards on the table, and the top card is K♦
Cards in hand: 1)J♦ 2)J♥ 3)J♠ 
Choose a card to play (1-3):
> 1
Player wins cards
Score: Player 15 - Computer 0
Cards: Player 47 - Computer 0
No cards on the table
K♥ K♠ K♣
Computer plays K♥
1 cards on the table, and the top card is K♥
Cards in hand: 1)J♥ 2)J♠ 
Choose a card to play (1-2):
> 1
Player wins cards
Score: Player 17 - Computer 0
Cards: Player 49 - Computer 0
No cards on the table
K♠ K♣
Computer plays K♠
1 cards on the table, and the top card is K♠
Cards in hand: 1)J♠ 
Choose a card to play (1-1):
> 1
Player wins cards
Score: Player 19 - Computer 0
Cards: Player 51 - Computer 0
No cards on the table
K♣
Computer plays K♣
1 cards on the table, and the top card is K♣
Score: Player 23 - Computer 0
Cards: Player 52 - Computer 0
Game Over
Indigo Card Game
Play first?
> yes
Initial cards on the table: A♦ A♥ A♠ A♣
4 cards on the table, and the top card is A♣
Cards in hand: 1)2♦ 2)2♥ 3)2♠ 4)2♣ 5)3♦ 6)3♥ 
Choose a card to play (1-6):
> 4
Player wins cards
Score: Player 4 - Computer 0
Cards: Player 5 - Computer 0
No cards on the table
3♠ 3♣ 4♦ 4♥ 4♠ 4♣
Computer plays 3♠
1 cards on the table, and the top card is 3♠
Cards in hand: 1)2♦ 2)2♥ 3)2♠ 4)3♦ 5)3♥ 
Choose a card to play (1-5):
> 4
Player wins cards
Score: Player 4 - Computer 0
Cards: Player 7 - Computer 0
No cards on the table
3♣ 4♦ 4♥ 4♠ 4♣
Computer plays 3♣
1 cards on the table, and the top card is 3♣
Cards in hand: 1)2♦ 2)2♥ 3)2♠ 4)3♥ 
Choose a card to play (1-4):
> 4
Player wins cards
Score: Player 4 - Computer 0
Cards: Player 9 - Computer 0
No cards on the table
4♦ 4♥ 4♠ 4♣
Computer plays 4♦
1 cards on the table, and the top card is 4♦
Cards in hand: 1)2♦ 2)2♥ 3)2♠ 
Choose a card to play (1-3):
> 1
Player wins cards
Score: Player 4 - Computer 0
Cards: Player 11 - Computer 0
No cards on the table
4♥ 4♠ 4♣
Computer plays 4♥
1 cards on the table, and the top card is 4♥
Cards in hand: 1)2♥ 2)2♠ 
Choose a card to play (1-2):
> 1
Player wins cards
Score: Player 4 - Computer 0
Cards: Player 13 - Computer 0
No cards on the table
4♠ 4♣
Computer plays 4♠
1 cards on the table, and the top card is 4♠
Cards in hand: 1)2♠ 
Choose a card to play (1-1):
> 1
Player wins cards
Score: Player 4 - Computer 0
Cards: Player 15 - Computer 0
No cards on the table
4♣
Computer plays 4♣
1 cards on the table, and the top card is 4♣
Cards in hand: 1)5♦ 2)5♥ 3)5♠ 4)5♣ 5)6♦ 6)6♥ 
Choose a card to play (1-6):
> 4
Player wins cards
Score: Player 4 - Computer 0
Cards: Player 17 - Computer 0
No cards on the table
6♠ 6♣ 7♦ 7♥ 7♠ 7♣
Computer plays 6♣
1 cards on the table, and the top card is 6♣
Cards in hand: 1)5♦ 2)5♥ 3)5♠ 4)6♦ 5)6♥ 
Choose a card to play (1-5):
> 4
Player wins cards
Score: Player 4 - Computer 0
Cards: Player 19 - Computer 0
No cards on the table
6♠ 7♦ 7♥ 7♠ 7♣
Computer plays 6♠
1 cards on the table, and the top card is 6♠
Cards in hand: 1)5♦ 2)5♥ 3)5♠ 4)6♥ 
Choose a card to play (1-4):
> 3
Player wins cards
Score: Player 4 - Computer 0
Cards: Player 21 - Computer 0
No cards on the table
7♦ 7♥ 7♠ 7♣
Computer plays 7♦
1 cards on the table, and the top card is 7♦
Cards in hand: 1)5♦ 2)5♥ 3)6♥ 
Choose a card to play (1-3):
> 1
Player wins cards
Score: Player 4 - Computer 0
Cards: Player 23 - Computer 0
No cards on the table
7♥ 7♠ 7♣
Computer plays 7♥
1 cards on the table, and the top card is 7♥
Cards in hand: 1)5♥ 2)6♥ 
Choose a card to play (1-2):
> 1
Player wins cards
Score: Player 4 - Computer 0
Cards: Player 25 - Computer 0
No cards on the table
7♠ 7♣
Computer plays 7♠
1 cards on the table, and the top card is 7♠
Cards in hand: 1)6♥ 
Choose a card to play (1-1):
> 1
2 cards on the table, and the top card is 6♥
7♣
Computer plays 7♣
3 cards on the table, and the top card is 7♣
Cards in hand: 1)8♦ 2)8♥ 3)8♠ 4)8♣ 5)9♦ 6)9♥ 
Choose a card to play (1-6):
> 4
Player wins cards
Score: Player 4 - Computer 0
Cards: Player 29 - Computer 0
No cards on the table
9♠ 9♣ 10♦ 10♥ 10♠ 10♣
Computer plays 9♣
1 cards on the table, and the top card is 9♣
Cards in hand: 1)8♦ 2)8♥ 3)8♠ 4)9♦ 5)9♥ 
Choose a card to play (1-5):
> 4
Player wins cards
Score: Player 4 - Computer 0
Cards: Player 31 - Computer 0
No cards on the table
9♠ 10♦ 10♥ 10♠ 10♣
Computer plays 9♠
1 cards on the table, and the top card is 9♠
Cards in hand: 1)8♦ 2)8♥ 3)8♠ 4)9♥ 
Choose a card to play (1-4):
> 3
Player wins cards
Score: Player 4 - Computer 0
Cards: Player 33 - Computer 0
No cards on the table
10♦ 10♥ 10♠ 10♣
Computer plays 10♦
1 cards on the table, and the top card is 10♦
Cards in hand: 1)8♦ 2)8♥ 3)9♥ 
Choose a card to play (1-3):
> 1
Player wins cards
Score: Player 5 - Computer 0
Cards: Player 35 - Computer 0
No cards on the table
10♥ 10♠ 10♣
Computer plays 10♥
1 cards on the table, and the top card is 10♥
Cards in hand: 1)8♥ 2)9♥ 
Choose a card to play (1-2):
> 1
Player wins cards
Score: Player 6 - Computer 0
Cards: Player 37 - Computer 0
No cards on the table
10♠ 10♣
Computer plays 10♠
1 cards on the table, and the top card is 10♠
Cards in hand: 1)9♥ 
Choose a card to play (1-1):
> 1
2 cards on the table, and the top card is 9♥
10♣
Computer plays 10♣
3 cards on the table, and the top card is 10♣
Cards in hand: 1)J♦ 2)J♥ 3)J♠ 4)J♣ 5)Q♦ 6)Q♥ 
Choose a card to play (1-6):
> 4
Player wins cards
Score: Player 9 - Computer 0
Cards: Player 41 - Computer 0
No cards on the table
Q♠ Q♣ K♦ K♥ K♠ K♣
Computer plays Q♣
1 cards on the table, and the top card is Q♣
Cards in hand: 1)J♦ 2)J♥ 3)J♠ 4)Q♦ 5)Q♥ 
Choose a card to play (1-5):
> 4
Player wins cards
Score: Player 11 - Computer 0
Cards: Player 43 - Computer 0
No cards on the table
Q♠ K♦ K♥ K♠ K♣
Computer plays Q♠
1 cards on the table, and the top card is Q♠
Cards in hand: 1)J♦ 2)J♥ 3)J♠ 4)Q♥ 
Choose a card to play (1-4):
> 3
Player wins cards
Score: Player 13 - Computer 0
Cards: Player 45 - Computer 0
No cards on the table
K♦ K♥ K♠ K♣
Computer plays K♦
1 cards on the table, and the top card is K♦
Cards in hand: 1)J♦ 2)J♥ 3)Q♥ 
Choose a card to play (1-3):
> 1
Player wins cards
Score: Player 15 - Computer 0
Cards: Player 47 - Computer 0
No cards on the table
K♥ K♠ K♣
Computer plays K♥
1 cards on the table, and the top card is K♥
Cards in hand: 1)J♥ 2)Q♥ 
Choose a card to play (1-2):
> 1
Player wins cards
Score: Player 17 - Computer 0
Cards: Player 49 - Computer 0
No cards on the table
K♠ K♣
Computer plays K♠
1 cards on the table, and the top card is K♠
Cards in hand: 1)Q♥ 
Choose a card to play (1-1):
> 1
2 cards on the table, and the top card is Q♥
K♣
Computer plays K♣
3 cards on the table, and the top card is K♣
Score: Player 23 - Computer 0
Cards: Player 52 - Computer 0
Game Over
?[1;31m
Start test 2?[0m
Indigo Card Game
Play first?
> Hello
Play first?
> me
Play first?
> 0
Play first?
> play
Play first?
> yes
Initial cards on the table: A♦ A♥ A♠ A♣
4 cards on the table, and the top card is A♣
Cards in hand: 1)2♦ 2)2♥ 3)2♠ 4)2♣ 5)3♦ 6)3♥ 
Choose a card to play (1-6):
> exit
Game Over
?[1;31m
Start test 3?[0m
Indigo Card Game
Play first?
> no
Initial cards on the table: A♦ A♥ A♠ A♣
4 cards on the table, and the top card is A♣
3♠ 3♣ 4♦ 4♥ 4♠ 4♣
Computer plays 3♣
Computer wins cards
Score: Player 0 - Computer 4
Cards: Player 0 - Computer 5
No cards on the table
Cards in hand: 1)2♦ 2)2♥ 3)2♠ 4)2♣ 5)3♦ 6)3♥ 
Choose a card to play (1-6):
> 2
1 cards on the table, and the top card is 2♥
3♠ 4♦ 4♥ 4♠ 4♣
Computer plays 4♥
Computer wins cards
Score: Player 0 - Computer 4
Cards: Player 0 - Computer 7
No cards on the table
Cards in hand: 1)2♦ 2)2♠ 3)2♣ 4)3♦ 5)3♥ 
Choose a card to play (1-5):
> 1
1 cards on the table, and the top card is 2♦
3♠ 4♦ 4♠ 4♣
Computer plays 4♦
Computer wins cards
Score: Player 0 - Computer 4
Cards: Player 0 - Computer 9
No cards on the table
Cards in hand: 1)2♠ 2)2♣ 3)3♦ 4)3♥ 
Choose a card to play (1-4):
> 1
1 cards on the table, and the top card is 2♠
3♠ 4♠ 4♣
Computer plays 3♠
Computer wins cards
Score: Player 0 - Computer 4
Cards: Player 0 - Computer 11
No cards on the table
Cards in hand: 1)2♣ 2)3♦ 3)3♥ 
Choose a card to play (1-3):
> 2
1 cards on the table, and the top card is 3♦
4♠ 4♣
Computer plays 4♠
2 cards on the table, and the top card is 4♠
Cards in hand: 1)2♣ 2)3♥ 
Choose a card to play (1-2):
> 1
3 cards on the table, and the top card is 2♣
4♣
Computer plays 4♣
Computer wins cards
Score: Player 0 - Computer 4
Cards: Player 0 - Computer 15
No cards on the table
Cards in hand: 1)3♥ 
Choose a card to play (1-1):
> 1
1 cards on the table, and the top card is 3♥
6♠ 6♣ 7♦ 7♥ 7♠ 7♣
Computer plays 7♥
Computer wins cards
Score: Player 0 - Computer 4
Cards: Player 0 - Computer 17
No cards on the table
Cards in hand: 1)5♦ 2)5♥ 3)5♠ 4)5♣ 5)6♦ 6)6♥ 
Choose a card to play (1-6):
> 2
1 cards on the table, and the top card is 5♥
6♠ 6♣ 7♦ 7♠ 7♣
Computer plays 6♠
2 cards on the table, and the top card is 6♠
Cards in hand: 1)5♦ 2)5♠ 3)5♣ 4)6♦ 5)6♥ 
Choose a card to play (1-5):
> 1
3 cards on the table, and the top card is 5♦
6♣ 7♦ 7♠ 7♣
Computer plays 7♦
Computer wins cards
Score: Player 0 - Computer 4
Cards: Player 0 - Computer 21
No cards on the table
Cards in hand: 1)5♠ 2)5♣ 3)6♦ 4)6♥ 
Choose a card to play (1-4):
> 1
1 cards on the table, and the top card is 5♠
6♣ 7♠ 7♣
Computer plays 7♠
Computer wins cards
Score: Player 0 - Computer 4
Cards: Player 0 - Computer 23
No cards on the table
Cards in hand: 1)5♣ 2)6♦ 3)6♥ 
Choose a card to play (1-3):
> 2
1 cards on the table, and the top card is 6♦
6♣ 7♣
Computer plays 6♣
Computer wins cards
Score: Player 0 - Computer 4
Cards: Player 0 - Computer 25
No cards on the table
Cards in hand: 1)5♣ 2)6♥ 
Choose a card to play (1-2):
> 1
1 cards on the table, and the top card is 5♣
7♣
Computer plays 7♣
Computer wins cards
Score: Player 0 - Computer 4
Cards: Player 0 - Computer 27
No cards on the table
Cards in hand: 1)6♥ 
Choose a card to play (1-1):
> 1
1 cards on the table, and the top card is 6♥
9♠ 9♣ 10♦ 10♥ 10♠ 10♣
Computer plays 10♥
Computer wins cards
Score: Player 0 - Computer 5
Cards: Player 0 - Computer 29
No cards on the table
Cards in hand: 1)8♦ 2)8♥ 3)8♠ 4)8♣ 5)9♦ 6)9♥ 
Choose a card to play (1-6):
> 2
1 cards on the table, and the top card is 8♥
9♠ 9♣ 10♦ 10♠ 10♣
Computer plays 9♣
2 cards on the table, and the top card is 9♣
Cards in hand: 1)8♦ 2)8♠ 3)8♣ 4)9♦ 5)9♥ 
Choose a card to play (1-5):
> 1
3 cards on the table, and the top card is 8♦
9♠ 10♦ 10♠ 10♣
Computer plays 10♦
Computer wins cards
Score: Player 0 - Computer 6
Cards: Player 0 - Computer 33
No cards on the table
Cards in hand: 1)8♠ 2)8♣ 3)9♦ 4)9♥ 
Choose a card to play (1-4):
> 1
1 cards on the table, and the top card is 8♠
9♠ 10♠ 10♣
Computer plays 10♠
Computer wins cards
Score: Player 0 - Computer 7
Cards: Player 0 - Computer 35
No cards on the table
Cards in hand: 1)8♣ 2)9♦ 3)9♥ 
Choose a card to play (1-3):
> 2
1 cards on the table, and the top card is 9♦
9♠ 10♣
Computer plays 9♠
Computer wins cards
Score: Player 0 - Computer 7
Cards: Player 0 - Computer 37
No cards on the table
Cards in hand: 1)8♣ 2)9♥ 
Choose a card to play (1-2):
> 1
1 cards on the table, and the top card is 8♣
10♣
Computer plays 10♣
Computer wins cards
Score: Player 0 - Computer 8
Cards: Player 0 - Computer 39
No cards on the table
Cards in hand: 1)9♥ 
Choose a card to play (1-1):
> 1
1 cards on the table, and the top card is 9♥
Q♠ Q♣ K♦ K♥ K♠ K♣
Computer plays K♥
Computer wins cards
Score: Player 0 - Computer 9
Cards: Player 0 - Computer 41
No cards on the table
Cards in hand: 1)J♦ 2)J♥ 3)J♠ 4)J♣ 5)Q♦ 6)Q♥ 
Choose a card to play (1-6):
> 2
1 cards on the table, and the top card is J♥
Q♠ Q♣ K♦ K♠ K♣
Computer plays Q♠
2 cards on the table, and the top card is Q♠
Cards in hand: 1)J♦ 2)J♠ 3)J♣ 4)Q♦ 5)Q♥ 
Choose a card to play (1-5):
> 1
3 cards on the table, and the top card is J♦
Q♣ K♦ K♠ K♣
Computer plays K♦
Computer wins cards
Score: Player 0 - Computer 13
Cards: Player 0 - Computer 45
No cards on the table
Cards in hand: 1)J♠ 2)J♣ 3)Q♦ 4)Q♥ 
Choose a card to play (1-4):
> 1
1 cards on the table, and the top card is J♠
Q♣ K♠ K♣
Computer plays K♠
Computer wins cards
Score: Player 0 - Computer 15
Cards: Player 0 - Computer 47
No cards on the table
Cards in hand: 1)J♣ 2)Q♦ 3)Q♥ 
Choose a card to play (1-3):
> 2
1 cards on the table, and the top card is Q♦
Q♣ K♣
Computer plays Q♣
Computer wins cards
Score: Player 0 - Computer 17
Cards: Player 0 - Computer 49
No cards on the table
Cards in hand: 1)J♣ 2)Q♥ 
Choose a card to play (1-2):
> 1
1 cards on the table, and the top card is J♣
K♣
Computer plays K♣
Computer wins cards
Score: Player 0 - Computer 19
Cards: Player 0 - Computer 51
No cards on the table
Cards in hand: 1)Q♥ 
Choose a card to play (1-1):
> 1
1 cards on the table, and the top card is Q♥
Score: Player 0 - Computer 23
Cards: Player 0 - Computer 52
Game Over
Indigo Card Game
Play first?
> no
Initial cards on the table: A♦ A♥ A♠ A♣
4 cards on the table, and the top card is A♣
3♠ 3♣ 4♦ 4♥ 4♠ 4♣
Computer plays 4♣
Computer wins cards
Score: Player 0 - Computer 4
Cards: Player 0 - Computer 5
No cards on the table
Cards in hand: 1)2♦ 2)2♥ 3)2♠ 4)2♣ 5)3♦ 6)3♥ 
Choose a card to play (1-6):
> 2
1 cards on the table, and the top card is 2♥
3♠ 3♣ 4♦ 4♥ 4♠
Computer plays 4♥
Computer wins cards
Score: Player 0 - Computer 4
Cards: Player 0 - Computer 7
No cards on the table
Cards in hand: 1)2♦ 2)2♠ 3)2♣ 4)3♦ 5)3♥ 
Choose a card to play (1-5):
> 1
1 cards on the table, and the top card is 2♦
3♠ 3♣ 4♦ 4♠
Computer plays 4♦
Computer wins cards
Score: Player 0 - Computer 4
Cards: Player 0 - Computer 9
No cards on the table
Cards in hand: 1)2♠ 2)2♣ 3)3♦ 4)3♥ 
Choose a card to play (1-4):
> 1
1 cards on the table, and the top card is 2♠
3♠ 3♣ 4♠
Computer plays 3♠
Computer wins cards
Score: Player 0 - Computer 4
Cards: Player 0 - Computer 11
No cards on the table
Cards in hand: 1)2♣ 2)3♦ 3)3♥ 
Choose a card to play (1-3):
> 2
1 cards on the table, and the top card is 3♦
3♣ 4♠
Computer plays 3♣
Computer wins cards
Score: Player 0 - Computer 4
Cards: Player 0 - Computer 13
No cards on the table
Cards in hand: 1)2♣ 2)3♥ 
Choose a card to play (1-2):
> 1
1 cards on the table, and the top card is 2♣
4♠
Computer plays 4♠
2 cards on the table, and the top card is 4♠
Cards in hand: 1)3♥ 
Choose a card to play (1-1):
> 1
3 cards on the table, and the top card is 3♥
6♠ 6♣ 7♦ 7♥ 7♠ 7♣
Computer plays 7♥
Computer wins cards
Score: Player 0 - Computer 4
Cards: Player 0 - Computer 17
No cards on the table
Cards in hand: 1)5♦ 2)5♥ 3)5♠ 4)5♣ 5)6♦ 6)6♥ 
Choose a card to play (1-6):
> 2
1 cards on the table, and the top card is 5♥
6♠ 6♣ 7♦ 7♠ 7♣
Computer plays 6♣
2 cards on the table, and the top card is 6♣
Cards in hand: 1)5♦ 2)5♠ 3)5♣ 4)6♦ 5)6♥ 
Choose a card to play (1-5):
> 1
3 cards on the table, and the top card is 5♦
6♠ 7♦ 7♠ 7♣
Computer plays 7♦
Computer wins cards
Score: Player 0 - Computer 4
Cards: Player 0 - Computer 21
No cards on the table
Cards in hand: 1)5♠ 2)5♣ 3)6♦ 4)6♥ 
Choose a card to play (1-4):
> 1
1 cards on the table, and the top card is 5♠
6♠ 7♠ 7♣
Computer plays 7♠
Computer wins cards
Score: Player 0 - Computer 4
Cards: Player 0 - Computer 23
No cards on the table
Cards in hand: 1)5♣ 2)6♦ 3)6♥ 
Choose a card to play (1-3):
> 2
1 cards on the table, and the top card is 6♦
6♠ 7♣
Computer plays 6♠
Computer wins cards
Score: Player 0 - Computer 4
Cards: Player 0 - Computer 25
No cards on the table
Cards in hand: 1)5♣ 2)6♥ 
Choose a card to play (1-2):
> 1
1 cards on the table, and the top card is 5♣
7♣
Computer plays 7♣
Computer wins cards
Score: Player 0 - Computer 4
Cards: Player 0 - Computer 27
No cards on the table
Cards in hand: 1)6♥ 
Choose a card to play (1-1):
> 1
1 cards on the table, and the top card is 6♥
9♠ 9♣ 10♦ 10♥ 10♠ 10♣
Computer plays 10♥
Computer wins cards
Score: Player 0 - Computer 5
Cards: Player 0 - Computer 29
No cards on the table
Cards in hand: 1)8♦ 2)8♥ 3)8♠ 4)8♣ 5)9♦ 6)9♥ 
Choose a card to play (1-6):
> 2
1 cards on the table, and the top card is 8♥
9♠ 9♣ 10♦ 10♠ 10♣
Computer plays 9♠
2 cards on the table, and the top card is 9♠
Cards in hand: 1)8♦ 2)8♠ 3)8♣ 4)9♦ 5)9♥ 
Choose a card to play (1-5):
> 1
3 cards on the table, and the top card is 8♦
9♣ 10♦ 10♠ 10♣
Computer plays 10♦
Computer wins cards
Score: Player 0 - Computer 6
Cards: Player 0 - Computer 33
No cards on the table
Cards in hand: 1)8♠ 2)8♣ 3)9♦ 4)9♥ 
Choose a card to play (1-4):
> 1
1 cards on the table, and the top card is 8♠
9♣ 10♠ 10♣
Computer plays 10♠
Computer wins cards
Score: Player 0 - Computer 7
Cards: Player 0 - Computer 35
No cards on the table
Cards in hand: 1)8♣ 2)9♦ 3)9♥ 
Choose a card to play (1-3):
> 2
1 cards on the table, and the top card is 9♦
9♣ 10♣
Computer plays 9♣
Computer wins cards
Score: Player 0 - Computer 7
Cards: Player 0 - Computer 37
No cards on the table
Cards in hand: 1)8♣ 2)9♥ 
Choose a card to play (1-2):
> 1
1 cards on the table, and the top card is 8♣
10♣
Computer plays 10♣
Computer wins cards
Score: Player 0 - Computer 8
Cards: Player 0 - Computer 39
No cards on the table
Cards in hand: 1)9♥ 
Choose a card to play (1-1):
> 1
1 cards on the table, and the top card is 9♥
Q♠ Q♣ K♦ K♥ K♠ K♣
Computer plays K♥
Computer wins cards
Score: Player 0 - Computer 9
Cards: Player 0 - Computer 41
No cards on the table
Cards in hand: 1)J♦ 2)J♥ 3)J♠ 4)J♣ 5)Q♦ 6)Q♥ 
Choose a card to play (1-6):
> 2
1 cards on the table, and the top card is J♥
Q♠ Q♣ K♦ K♠ K♣
Computer plays Q♠
2 cards on the table, and the top card is Q♠
Cards in hand: 1)J♦ 2)J♠ 3)J♣ 4)Q♦ 5)Q♥ 
Choose a card to play (1-5):
> 1
3 cards on the table, and the top card is J♦
Q♣ K♦ K♠ K♣
Computer plays K♦
Computer wins cards
Score: Player 0 - Computer 13
Cards: Player 0 - Computer 45
No cards on the table
Cards in hand: 1)J♠ 2)J♣ 3)Q♦ 4)Q♥ 
Choose a card to play (1-4):
> 1
1 cards on the table, and the top card is J♠
Q♣ K♠ K♣
Computer plays K♠
Computer wins cards
Score: Player 0 - Computer 15
Cards: Player 0 - Computer 47
No cards on the table
Cards in hand: 1)J♣ 2)Q♦ 3)Q♥ 
Choose a card to play (1-3):
> 2
1 cards on the table, and the top card is Q♦
Q♣ K♣
Computer plays Q♣
Computer wins cards
Score: Player 0 - Computer 17
Cards: Player 0 - Computer 49
No cards on the table
Cards in hand: 1)J♣ 2)Q♥ 
Choose a card to play (1-2):
> 1
1 cards on the table, and the top card is J♣
K♣
Computer plays K♣
Computer wins cards
Score: Player 0 - Computer 19
Cards: Player 0 - Computer 51
No cards on the table
Cards in hand: 1)Q♥ 
Choose a card to play (1-1):
> 1
1 cards on the table, and the top card is Q♥
Score: Player 0 - Computer 23
Cards: Player 0 - Computer 52
Game Over
Indigo Card Game
Play first?
> no
Initial cards on the table: A♦ A♥ A♠ A♣
4 cards on the table, and the top card is A♣
3♠ 3♣ 4♦ 4♥ 4♠ 4♣
Computer plays 4♣
Computer wins cards
Score: Player 0 - Computer 4
Cards: Player 0 - Computer 5
No cards on the table
Cards in hand: 1)2♦ 2)2♥ 3)2♠ 4)2♣ 5)3♦ 6)3♥ 
Choose a card to play (1-6):
> 2
1 cards on the table, and the top card is 2♥
3♠ 3♣ 4♦ 4♥ 4♠
Computer plays 4♥
Computer wins cards
Score: Player 0 - Computer 4
Cards: Player 0 - Computer 7
No cards on the table
Cards in hand: 1)2♦ 2)2♠ 3)2♣ 4)3♦ 5)3♥ 
Choose a card to play (1-5):
> 1
1 cards on the table, and the top card is 2♦
3♠ 3♣ 4♦ 4♠
Computer plays 4♦
Computer wins cards
Score: Player 0 - Computer 4
Cards: Player 0 - Computer 9
No cards on the table
Cards in hand: 1)2♠ 2)2♣ 3)3♦ 4)3♥ 
Choose a card to play (1-4):
> 1
1 cards on the table, and the top card is 2♠
3♠ 3♣ 4♠
Computer plays 3♠
Computer wins cards
Score: Player 0 - Computer 4
Cards: Player 0 - Computer 11
No cards on the table
Cards in hand: 1)2♣ 2)3♦ 3)3♥ 
Choose a card to play (1-3):
> 2
1 cards on the table, and the top card is 3♦
3♣ 4♠
Computer plays 3♣
Computer wins cards
Score: Player 0 - Computer 4
Cards: Player 0 - Computer 13
No cards on the table
Cards in hand: 1)2♣ 2)3♥ 
Choose a card to play (1-2):
> 1
1 cards on the table, and the top card is 2♣
4♠
Computer plays 4♠
2 cards on the table, and the top card is 4♠
Cards in hand: 1)3♥ 
Choose a card to play (1-1):
> 1
3 cards on the table, and the top card is 3♥
6♠ 6♣ 7♦ 7♥ 7♠ 7♣
Computer plays 7♥
Computer wins cards
Score: Player 0 - Computer 4
Cards: Player 0 - Computer 17
No cards on the table
Cards in hand: 1)5♦ 2)5♥ 3)5♠ 4)5♣ 5)6♦ 6)6♥ 
Choose a card to play (1-6):
> 2
1 cards on the table, and the top card is 5♥
6♠ 6♣ 7♦ 7♠ 7♣
Computer plays 6♣
2 cards on the table, and the top card is 6♣
Cards in hand: 1)5♦ 2)5♠ 3)5♣ 4)6♦ 5)6♥ 
Choose a card to play (1-5):
> 1
3 cards on the table, and the top card is 5♦
6♠ 7♦ 7♠ 7♣
Computer plays 7♦
Computer wins cards
Score: Player 0 - Computer 4
Cards: Player 0 - Computer 21
No cards on the table
Cards in hand: 1)5♠ 2)5♣ 3)6♦ 4)6♥ 
Choose a card to play (1-4):
> 1
1 cards on the table, and the top card is 5♠
6♠ 7♠ 7♣
Computer plays 6♠
Computer wins cards
Score: Player 0 - Computer 4
Cards: Player 0 - Computer 23
No cards on the table
Cards in hand: 1)5♣ 2)6♦ 3)6♥ 
Choose a card to play (1-3):
> 2
1 cards on the table, and the top card is 6♦
7♠ 7♣
Computer plays 7♠
2 cards on the table, and the top card is 7♠
Cards in hand: 1)5♣ 2)6♥ 
Choose a card to play (1-2):
> 1
3 cards on the table, and the top card is 5♣
7♣
Computer plays 7♣
Computer wins cards
Score: Player 0 - Computer 4
Cards: Player 0 - Computer 27
No cards on the table
Cards in hand: 1)6♥ 
Choose a card to play (1-1):
> 1
1 cards on the table, and the top card is 6♥
9♠ 9♣ 10♦ 10♥ 10♠ 10♣
Computer plays 10♥
Computer wins cards
Score: Player 0 - Computer 5
Cards: Player 0 - Computer 29
No cards on the table
Cards in hand: 1)8♦ 2)8♥ 3)8♠ 4)8♣ 5)9♦ 6)9♥ 
Choose a card to play (1-6):
> 2
1 cards on the table, and the top card is 8♥
9♠ 9♣ 10♦ 10♠ 10♣
Computer plays 9♠
2 cards on the table, and the top card is 9♠
Cards in hand: 1)8♦ 2)8♠ 3)8♣ 4)9♦ 5)9♥ 
Choose a card to play (1-5):
> 1
3 cards on the table, and the top card is 8♦
9♣ 10♦ 10♠ 10♣
Computer plays 10♦
Computer wins cards
Score: Player 0 - Computer 6
Cards: Player 0 - Computer 33
No cards on the table
Cards in hand: 1)8♠ 2)8♣ 3)9♦ 4)9♥ 
Choose a card to play (1-4):
> 1
1 cards on the table, and the top card is 8♠
9♣ 10♠ 10♣
Computer plays 10♠
Computer wins cards
Score: Player 0 - Computer 7
Cards: Player 0 - Computer 35
No cards on the table
Cards in hand: 1)8♣ 2)9♦ 3)9♥ 
Choose a card to play (1-3):
> 2
1 cards on the table, and the top card is 9♦
9♣ 10♣
Computer plays 9♣
Computer wins cards
Score: Player 0 - Computer 7
Cards: Player 0 - Computer 37
No cards on the table
Cards in hand: 1)8♣ 2)9♥ 
Choose a card to play (1-2):
> 1
1 cards on the table, and the top card is 8♣
10♣
Computer plays 10♣
Computer wins cards
Score: Player 0 - Computer 8
Cards: Player 0 - Computer 39
No cards on the table
Cards in hand: 1)9♥ 
Choose a card to play (1-1):
> 1
1 cards on the table, and the top card is 9♥
Q♠ Q♣ K♦ K♥ K♠ K♣
Computer plays K♥
Computer wins cards
Score: Player 0 - Computer 9
Cards: Player 0 - Computer 41
No cards on the table
Cards in hand: 1)J♦ 2)J♥ 3)J♠ 4)J♣ 5)Q♦ 6)Q♥ 
Choose a card to play (1-6):
> 2
1 cards on the table, and the top card is J♥
Q♠ Q♣ K♦ K♠ K♣
Computer plays Q♠
2 cards on the table, and the top card is Q♠
Cards in hand: 1)J♦ 2)J♠ 3)J♣ 4)Q♦ 5)Q♥ 
Choose a card to play (1-5):
> 1
3 cards on the table, and the top card is J♦
Q♣ K♦ K♠ K♣
Computer plays K♦
Computer wins cards
Score: Player 0 - Computer 13
Cards: Player 0 - Computer 45
No cards on the table
Cards in hand: 1)J♠ 2)J♣ 3)Q♦ 4)Q♥ 
Choose a card to play (1-4):
> 1
1 cards on the table, and the top card is J♠
Q♣ K♠ K♣
Computer plays K♠
Computer wins cards
Score: Player 0 - Computer 15
Cards: Player 0 - Computer 47
No cards on the table
Cards in hand: 1)J♣ 2)Q♦ 3)Q♥ 
Choose a card to play (1-3):
> 2
1 cards on the table, and the top card is Q♦
Q♣ K♣
Computer plays Q♣
Computer wins cards
Score: Player 0 - Computer 17
Cards: Player 0 - Computer 49
No cards on the table
Cards in hand: 1)J♣ 2)Q♥ 
Choose a card to play (1-2):
> 1
1 cards on the table, and the top card is J♣
K♣
Computer plays K♣
Computer wins cards
Score: Player 0 - Computer 19
Cards: Player 0 - Computer 51
No cards on the table
Cards in hand: 1)Q♥ 
Choose a card to play (1-1):
> 1
1 cards on the table, and the top card is Q♥
Score: Player 0 - Computer 23
Cards: Player 0 - Computer 52
Game Over
Indigo Card Game
Play first?
> no
Initial cards on the table: A♦ A♥ A♠ A♣
4 cards on the table, and the top card is A♣
3♠ 3♣ 4♦ 4♥ 4♠ 4♣
Computer plays 4♣
Computer wins cards
Score: Player 0 - Computer 4
Cards: Player 0 - Computer 5
No cards on the table
Cards in hand: 1)2♦ 2)2♥ 3)2♠ 4)2♣ 5)3♦ 6)3♥ 
Choose a card to play (1-6):
> 2
1 cards on the table, and the top card is 2♥
3♠ 3♣ 4♦ 4♥ 4♠
Computer plays 4♥
Computer wins cards
Score: Player 0 - Computer 4
Cards: Player 0 - Computer 7
No cards on the table
Cards in hand: 1)2♦ 2)2♠ 3)2♣ 4)3♦ 5)3♥ 
Choose a card to play (1-5):
> 1
1 cards on the table, and the top card is 2♦
3♠ 3♣ 4♦ 4♠
Computer plays 4♦
Computer wins cards
Score: Player 0 - Computer 4
Cards: Player 0 - Computer 9
No cards on the table
Cards in hand: 1)2♠ 2)2♣ 3)3♦ 4)3♥ 
Choose a card to play (1-4):
> 1
1 cards on the table, and the top card is 2♠
3♠ 3♣ 4♠
Computer plays 4♠
Computer wins cards
Score: Player 0 - Computer 4
Cards: Player 0 - Computer 11
No cards on the table
Cards in hand: 1)2♣ 2)3♦ 3)3♥ 
Choose a card to play (1-3):
> 2
1 cards on the table, and the top card is 3♦
3♠ 3♣
Computer plays 3♠
Computer wins cards
Score: Player 0 - Computer 4
Cards: Player 0 - Computer 13
No cards on the table
Cards in hand: 1)2♣ 2)3♥ 
Choose a card to play (1-2):
> 1
1 cards on the table, and the top card is 2♣
3♣
Computer plays 3♣
Computer wins cards
Score: Player 0 - Computer 4
Cards: Player 0 - Computer 15
No cards on the table
Cards in hand: 1)3♥ 
Choose a card to play (1-1):
> 1
1 cards on the table, and the top card is 3♥
6♠ 6♣ 7♦ 7♥ 7♠ 7♣
Computer plays 7♥
Computer wins cards
Score: Player 0 - Computer 4
Cards: Player 0 - Computer 17
No cards on the table
Cards in hand: 1)5♦ 2)5♥ 3)5♠ 4)5♣ 5)6♦ 6)6♥ 
Choose a card to play (1-6):
> 2
1 cards on the table, and the top card is 5♥
6♠ 6♣ 7♦ 7♠ 7♣
Computer plays 6♠
2 cards on the table, and the top card is 6♠
Cards in hand: 1)5♦ 2)5♠ 3)5♣ 4)6♦ 5)6♥ 
Choose a card to play (1-5):
> 1
3 cards on the table, and the top card is 5♦
6♣ 7♦ 7♠ 7♣
Computer plays 7♦
Computer wins cards
Score: Player 0 - Computer 4
Cards: Player 0 - Computer 21
No cards on the table
Cards in hand: 1)5♠ 2)5♣ 3)6♦ 4)6♥ 
Choose a card to play (1-4):
> 1
1 cards on the table, and the top card is 5♠
6♣ 7♠ 7♣
Computer plays 7♠
Computer wins cards
Score: Player 0 - Computer 4
Cards: Player 0 - Computer 23
No cards on the table
Cards in hand: 1)5♣ 2)6♦ 3)6♥ 
Choose a card to play (1-3):
> 2
1 cards on the table, and the top card is 6♦
6♣ 7♣
Computer plays 6♣
Computer wins cards
Score: Player 0 - Computer 4
Cards: Player 0 - Computer 25
No cards on the table
Cards in hand: 1)5♣ 2)6♥ 
Choose a card to play (1-2):
> 1
1 cards on the table, and the top card is 5♣
7♣
Computer plays 7♣
Computer wins cards
Score: Player 0 - Computer 4
Cards: Player 0 - Computer 27
No cards on the table
Cards in hand: 1)6♥ 
Choose a card to play (1-1):
> 1
1 cards on the table, and the top card is 6♥
9♠ 9♣ 10♦ 10♥ 10♠ 10♣
Computer plays 10♥
Computer wins cards
Score: Player 0 - Computer 5
Cards: Player 0 - Computer 29
No cards on the table
Cards in hand: 1)8♦ 2)8♥ 3)8♠ 4)8♣ 5)9♦ 6)9♥ 
Choose a card to play (1-6):
> 2
1 cards on the table, and the top card is 8♥
9♠ 9♣ 10♦ 10♠ 10♣
Computer plays 9♣
2 cards on the table, and the top card is 9♣
Cards in hand: 1)8♦ 2)8♠ 3)8♣ 4)9♦ 5)9♥ 
Choose a card to play (1-5):
> 1
3 cards on the table, and the top card is 8♦
9♠ 10♦ 10♠ 10♣
Computer plays 10♦
Computer wins cards
Score: Player 0 - Computer 6
Cards: Player 0 - Computer 33
No cards on the table
Cards in hand: 1)8♠ 2)8♣ 3)9♦ 4)9♥ 
Choose a card to play (1-4):
> 1
1 cards on the table, and the top card is 8♠
9♠ 10♠ 10♣
Computer plays 10♠
Computer wins cards
Score: Player 0 - Computer 7
Cards: Player 0 - Computer 35
No cards on the table
Cards in hand: 1)8♣ 2)9♦ 3)9♥ 
Choose a card to play (1-3):
> 2
1 cards on the table, and the top card is 9♦
9♠ 10♣
Computer plays 9♠
Computer wins cards
Score: Player 0 - Computer 7
Cards: Player 0 - Computer 37
No cards on the table
Cards in hand: 1)8♣ 2)9♥ 
Choose a card to play (1-2):
> 1
1 cards on the table, and the top card is 8♣
10♣
Computer plays 10♣
Computer wins cards
Score: Player 0 - Computer 8
Cards: Player 0 - Computer 39
No cards on the table
Cards in hand: 1)9♥ 
Choose a card to play (1-1):
> 1
1 cards on the table, and the top card is 9♥
Q♠ Q♣ K♦ K♥ K♠ K♣
Computer plays K♥
Computer wins cards
Score: Player 0 - Computer 9
Cards: Player 0 - Computer 41
No cards on the table
Cards in hand: 1)J♦ 2)J♥ 3)J♠ 4)J♣ 5)Q♦ 6)Q♥ 
Choose a card to play (1-6):
> 2
1 cards on the table, and the top card is J♥
Q♠ Q♣ K♦ K♠ K♣
Computer plays Q♠
2 cards on the table, and the top card is Q♠
Cards in hand: 1)J♦ 2)J♠ 3)J♣ 4)Q♦ 5)Q♥ 
Choose a card to play (1-5):
> 1
3 cards on the table, and the top card is J♦
Q♣ K♦ K♠ K♣
Computer plays K♦
Computer wins cards
Score: Player 0 - Computer 13
Cards: Player 0 - Computer 45
No cards on the table
Cards in hand: 1)J♠ 2)J♣ 3)Q♦ 4)Q♥ 
Choose a card to play (1-4):
> 1
1 cards on the table, and the top card is J♠
Q♣ K♠ K♣
Computer plays K♠
Computer wins cards
Score: Player 0 - Computer 15
Cards: Player 0 - Computer 47
No cards on the table
Cards in hand: 1)J♣ 2)Q♦ 3)Q♥ 
Choose a card to play (1-3):
> 2
1 cards on the table, and the top card is Q♦
Q♣ K♣
Computer plays Q♣
Computer wins cards
Score: Player 0 - Computer 17
Cards: Player 0 - Computer 49
No cards on the table
Cards in hand: 1)J♣ 2)Q♥ 
Choose a card to play (1-2):
> 1
1 cards on the table, and the top card is J♣
K♣
Computer plays K♣
Computer wins cards
Score: Player 0 - Computer 19
Cards: Player 0 - Computer 51
No cards on the table
Cards in hand: 1)Q♥ 
Choose a card to play (1-1):
> 1
1 cards on the table, and the top card is Q♥
Score: Player 0 - Computer 23
Cards: Player 0 - Computer 52
Game Over
Indigo Card Game
Play first?
> no
Initial cards on the table: A♦ A♥ A♠ A♣
4 cards on the table, and the top card is A♣
3♠ 3♣ 4♦ 4♥ 4♠ 4♣
Computer plays 3♣
Computer wins cards
Score: Player 0 - Computer 4
Cards: Player 0 - Computer 5
No cards on the table
Cards in hand: 1)2♦ 2)2♥ 3)2♠ 4)2♣ 5)3♦ 6)3♥ 
Choose a card to play (1-6):
> 2
1 cards on the table, and the top card is 2♥
3♠ 4♦ 4♥ 4♠ 4♣
Computer plays 4♥
Computer wins cards
Score: Player 0 - Computer 4
Cards: Player 0 - Computer 7
No cards on the table
Cards in hand: 1)2♦ 2)2♠ 3)2♣ 4)3♦ 5)3♥ 
Choose a card to play (1-5):
> 1
1 cards on the table, and the top card is 2♦
3♠ 4♦ 4♠ 4♣
Computer plays 4♦
Computer wins cards
Score: Player 0 - Computer 4
Cards: Player 0 - Computer 9
No cards on the table
Cards in hand: 1)2♠ 2)2♣ 3)3♦ 4)3♥ 
Choose a card to play (1-4):
> 1
1 cards on the table, and the top card is 2♠
3♠ 4♠ 4♣
Computer plays 3♠
Computer wins cards
Score: Player 0 - Computer 4
Cards: Player 0 - Computer 11
No cards on the table
Cards in hand: 1)2♣ 2)3♦ 3)3♥ 
Choose a card to play (1-3):
> 2
1 cards on the table, and the top card is 3♦
4♠ 4♣
Computer plays 4♠
2 cards on the table, and the top card is 4♠
Cards in hand: 1)2♣ 2)3♥ 
Choose a card to play (1-2):
> 1
3 cards on the table, and the top card is 2♣
4♣
Computer plays 4♣
Computer wins cards
Score: Player 0 - Computer 4
Cards: Player 0 - Computer 15
No cards on the table
Cards in hand: 1)3♥ 
Choose a card to play (1-1):
> 1
1 cards on the table, and the top card is 3♥
6♠ 6♣ 7♦ 7♥ 7♠ 7♣
Computer plays 7♥
Computer wins cards
Score: Player 0 - Computer 4
Cards: Player 0 - Computer 17
No cards on the table
Cards in hand: 1)5♦ 2)5♥ 3)5♠ 4)5♣ 5)6♦ 6)6♥ 
Choose a card to play (1-6):
> 2
1 cards on the table, and the top card is 5♥
6♠ 6♣ 7♦ 7♠ 7♣
Computer plays 6♣
2 cards on the table, and the top card is 6♣
Cards in hand: 1)5♦ 2)5♠ 3)5♣ 4)6♦ 5)6♥ 
Choose a card to play (1-5):
> 1
3 cards on the table, and the top card is 5♦
6♠ 7♦ 7♠ 7♣
Computer plays 7♦
Computer wins cards
Score: Player 0 - Computer 4
Cards: Player 0 - Computer 21
No cards on the table
Cards in hand: 1)5♠ 2)5♣ 3)6♦ 4)6♥ 
Choose a card to play (1-4):
> 1
1 cards on the table, and the top card is 5♠
6♠ 7♠ 7♣
Computer plays 7♠
Computer wins cards
Score: Player 0 - Computer 4
Cards: Player 0 - Computer 23
No cards on the table
Cards in hand: 1)5♣ 2)6♦ 3)6♥ 
Choose a card to play (1-3):
> 2
1 cards on the table, and the top card is 6♦
6♠ 7♣
Computer plays 6♠
Computer wins cards
Score: Player 0 - Computer 4
Cards: Player 0 - Computer 25
No cards on the table
Cards in hand: 1)5♣ 2)6♥ 
Choose a card to play (1-2):
> 1
1 cards on the table, and the top card is 5♣
7♣
Computer plays 7♣
Computer wins cards
Score: Player 0 - Computer 4
Cards: Player 0 - Computer 27
No cards on the table
Cards in hand: 1)6♥ 
Choose a card to play (1-1):
> 1
1 cards on the table, and the top card is 6♥
9♠ 9♣ 10♦ 10♥ 10♠ 10♣
Computer plays 10♥
Computer wins cards
Score: Player 0 - Computer 5
Cards: Player 0 - Computer 29
No cards on the table
Cards in hand: 1)8♦ 2)8♥ 3)8♠ 4)8♣ 5)9♦ 6)9♥ 
Choose a card to play (1-6):
> 2
1 cards on the table, and the top card is 8♥
9♠ 9♣ 10♦ 10♠ 10♣
Computer plays 9♣
2 cards on the table, and the top card is 9♣
Cards in hand: 1)8♦ 2)8♠ 3)8♣ 4)9♦ 5)9♥ 
Choose a card to play (1-5):
> 1
3 cards on the table, and the top card is 8♦
9♠ 10♦ 10♠ 10♣
Computer plays 10♦
Computer wins cards
Score: Player 0 - Computer 6
Cards: Player 0 - Computer 33
No cards on the table
Cards in hand: 1)8♠ 2)8♣ 3)9♦ 4)9♥ 
Choose a card to play (1-4):
> 1
1 cards on the table, and the top card is 8♠
9♠ 10♠ 10♣
Computer plays 10♠
Computer wins cards
Score: Player 0 - Computer 7
Cards: Player 0 - Computer 35
No cards on the table
Cards in hand: 1)8♣ 2)9♦ 3)9♥ 
Choose a card to play (1-3):
> 2
1 cards on the table, and the top card is 9♦
9♠ 10♣
Computer plays 9♠
Computer wins cards
Score: Player 0 - Computer 7
Cards: Player 0 - Computer 37
No cards on the table
Cards in hand: 1)8♣ 2)9♥ 
Choose a card to play (1-2):
> 1
1 cards on the table, and the top card is 8♣
10♣
Computer plays 10♣
Computer wins cards
Score: Player 0 - Computer 8
Cards: Player 0 - Computer 39
No cards on the table
Cards in hand: 1)9♥ 
Choose a card to play (1-1):
> 1
1 cards on the table, and the top card is 9♥
Q♠ Q♣ K♦ K♥ K♠ K♣
Computer plays K♥
Computer wins cards
Score: Player 0 - Computer 9
Cards: Player 0 - Computer 41
No cards on the table
Cards in hand: 1)J♦ 2)J♥ 3)J♠ 4)J♣ 5)Q♦ 6)Q♥ 
Choose a card to play (1-6):
> 2
1 cards on the table, and the top card is J♥
Q♠ Q♣ K♦ K♠ K♣
Computer plays Q♠
2 cards on the table, and the top card is Q♠
Cards in hand: 1)J♦ 2)J♠ 3)J♣ 4)Q♦ 5)Q♥ 
Choose a card to play (1-5):
> 1
3 cards on the table, and the top card is J♦
Q♣ K♦ K♠ K♣
Computer plays K♦
Computer wins cards
Score: Player 0 - Computer 13
Cards: Player 0 - Computer 45
No cards on the table
Cards in hand: 1)J♠ 2)J♣ 3)Q♦ 4)Q♥ 
Choose a card to play (1-4):
> 1
1 cards on the table, and the top card is J♠
Q♣ K♠ K♣
Computer plays K♠
Computer wins cards
Score: Player 0 - Computer 15
Cards: Player 0 - Computer 47
No cards on the table
Cards in hand: 1)J♣ 2)Q♦ 3)Q♥ 
Choose a card to play (1-3):
> 2
1 cards on the table, and the top card is Q♦
Q♣ K♣
Computer plays Q♣
Computer wins cards
Score: Player 0 - Computer 17
Cards: Player 0 - Computer 49
No cards on the table
Cards in hand: 1)J♣ 2)Q♥ 
Choose a card to play (1-2):
> 1
1 cards on the table, and the top card is J♣
K♣
Computer plays K♣
Computer wins cards
Score: Player 0 - Computer 19
Cards: Player 0 - Computer 51
No cards on the table
Cards in hand: 1)Q♥ 
Choose a card to play (1-1):
> 1
1 cards on the table, and the top card is Q♥
Score: Player 0 - Computer 23
Cards: Player 0 - Computer 52
Game Over
?[1;31m
Start test 4?[0m
Indigo Card Game
Play first?
> yes
Initial cards on the table: A♦ A♥ A♠ A♣
4 cards on the table, and the top card is A♣
Cards in hand: 1)2♦ 2)2♥ 3)2♠ 4)2♣ 5)3♦ 6)3♥ 
Choose a card to play (1-6):
> 0
Choose a card to play (1-6):
> 7
Choose a card to play (1-6):
> One
Choose a card to play (1-6):
> exit
Game Over
]]></system-out>
  <system-err><![CDATA[]]></system-err>
</testsuite>
